---------------------------------------
Begin Slurm Prolog: Feb-26-2025 02:48:43
Job ID:    2931224
User ID:   jshim87
Account:   gts-vfung3
Job name:  MattersimRunner
Partition: gpu-h200
QOS:       inferno
---------------------------------------
Traceback (most recent call last):
  File "/storage/home/hcoda1/7/jshim87/atomic-graph-partitioning/error_test.py", line 1, in <module>
    from wrapper.inference import AtomicPartitionInference
  File "/storage/home/hcoda1/7/jshim87/atomic-graph-partitioning/wrapper/inference.py", line 1, in <module>
    from wrapper.adapter import AtomicModelAdapter
  File "/storage/home/hcoda1/7/jshim87/atomic-graph-partitioning/wrapper/adapter.py", line 3, in <module>
    import ase
ModuleNotFoundError: No module named 'ase'
---------------------------------------
Begin Slurm Epilog: Feb-26-2025 02:48:43
Job ID:        2931224
User ID:       jshim87
Account:       gts-vfung3
Job name:      MattersimRunner
Resources:     cpu=1,gres/gpu:h200=1,mem=4G,node=1
Rsrc Used:     cput=00:00:01,vmem=0,walltime=00:00:01,mem=5260K,energy_used=0
Partition:     gpu-h200
QOS:           inferno
Nodes:         atl1-1-01-007-21-0
---------------------------------------
